\BOOKMARK [1][-]{section*.1}{Contents}{}% 1
\BOOKMARK [1][-]{section.1}{Module ES}{}% 2
\BOOKMARK [2][-]{subsection.1.1}{Functions}{section.1}% 3
\BOOKMARK [2][-]{subsection.1.2}{Variables}{section.1}% 4
\BOOKMARK [1][-]{section.2}{Module QCG\137script\137generator}{}% 5
\BOOKMARK [2][-]{subsection.2.1}{Functions}{section.2}% 6
\BOOKMARK [2][-]{subsection.2.2}{Variables}{section.2}% 7
\BOOKMARK [1][-]{section.3}{Module RC}{}% 8
\BOOKMARK [2][-]{subsection.3.1}{Functions}{section.3}% 9
\BOOKMARK [2][-]{subsection.3.2}{Variables}{section.3}% 10
\BOOKMARK [1][-]{section.4}{Module cost\137functions}{}% 11
\BOOKMARK [2][-]{subsection.4.1}{Functions}{section.4}% 12
\BOOKMARK [2][-]{subsection.4.2}{Variables}{section.4}% 13
\BOOKMARK [1][-]{section.5}{Module models}{}% 14
\BOOKMARK [2][-]{subsection.5.1}{Functions}{section.5}% 15
\BOOKMARK [2][-]{subsection.5.2}{Variables}{section.5}% 16
\BOOKMARK [1][-]{section.6}{Module patterns}{}% 17
\BOOKMARK [2][-]{subsection.6.1}{Variables}{section.6}% 18
\BOOKMARK [1][-]{section.7}{Module scenarios}{}% 19
\BOOKMARK [2][-]{subsection.7.1}{Functions}{section.7}% 20
\BOOKMARK [2][-]{subsection.7.2}{Variables}{section.7}% 21
\BOOKMARK [2][-]{subsection.7.3}{Class scenario}{section.7}% 22
\BOOKMARK [3][-]{subsubsection.7.3.1}{Methods}{subsection.7.3}% 23
\BOOKMARK [1][-]{section*.2}{Index}{}% 24
